<?xml version="1.0" encoding="UTF-8"?>
<testng-results ignored="0" total="2" passed="2" failed="0" skipped="0">
  <reporter-output>
  </reporter-output>
  <suite started-at="2024-08-25T19:37:24 IST" name="Suite" finished-at="2024-08-25T19:37:41 IST" duration-ms="17020">
    <groups>
      <group name="smoke">
        <method signature="ToCreateContactTest.toCreateContact_001()[pri:0, instance:contactTest.ToCreateContactTest@496bc455]" name="toCreateContact_001" class="contactTest.ToCreateContactTest"/>
        <method signature="ToCreateContactTest.toCreateContact_001()[pri:0, instance:contactTest.ToCreateContactTest@5745ca0e]" name="toCreateContact_001" class="contactTest.ToCreateContactTest"/>
      </group> <!-- smoke -->
    </groups>
    <test started-at="2024-08-25T19:37:24 IST" name="TestRunner2" finished-at="2024-08-25T19:37:41 IST" duration-ms="17020">
      <class name="contactTest.ToCreateContactTest">
        <test-method is-config="true" signature="beforeSuiteConfig()[pri:0, instance:contactTest.ToCreateContactTest@5745ca0e]" started-at="2024-08-25T19:37:24 IST" name="beforeSuiteConfig" finished-at="2024-08-25T19:37:24 IST" duration-ms="10" status="PASS">
          <reporter-output>
          </reporter-output>
        </test-method> <!-- beforeSuiteConfig -->
        <test-method is-config="true" signature="beforeClassConfig(java.lang.String)[pri:0, instance:contactTest.ToCreateContactTest@5745ca0e]" started-at="2024-08-25T19:37:24 IST" name="beforeClassConfig" finished-at="2024-08-25T19:37:27 IST" duration-ms="3460" status="PASS">
          <params>
            <param index="0">
              <value>
                <![CDATA[edge]]>
              </value>
            </param>
          </params>
          <reporter-output>
          </reporter-output>
        </test-method> <!-- beforeClassConfig -->
        <test-method is-config="true" signature="beforeMethodConfig()[pri:0, instance:contactTest.ToCreateContactTest@5745ca0e]" started-at="2024-08-25T19:37:27 IST" name="beforeMethodConfig" finished-at="2024-08-25T19:37:30 IST" duration-ms="2544" status="PASS">
          <reporter-output>
          </reporter-output>
        </test-method> <!-- beforeMethodConfig -->
        <test-method signature="toCreateContact_001()[pri:0, instance:contactTest.ToCreateContactTest@5745ca0e]" started-at="2024-08-25T19:37:30 IST" name="toCreateContact_001" finished-at="2024-08-25T19:37:39 IST" duration-ms="9096" status="PASS">
          <reporter-output>
          </reporter-output>
        </test-method> <!-- toCreateContact_001 -->
        <test-method is-config="true" signature="afterMethodConfig()[pri:0, instance:contactTest.ToCreateContactTest@5745ca0e]" started-at="2024-08-25T19:37:39 IST" name="afterMethodConfig" finished-at="2024-08-25T19:37:40 IST" duration-ms="1312" status="PASS">
          <reporter-output>
          </reporter-output>
        </test-method> <!-- afterMethodConfig -->
        <test-method is-config="true" signature="afterClassConfig()[pri:0, instance:contactTest.ToCreateContactTest@5745ca0e]" started-at="2024-08-25T19:37:40 IST" name="afterClassConfig" finished-at="2024-08-25T19:37:41 IST" duration-ms="284" status="PASS">
          <reporter-output>
          </reporter-output>
        </test-method> <!-- afterClassConfig -->
        <test-method is-config="true" signature="afterSuiteConfig()[pri:0, instance:contactTest.ToCreateContactTest@5745ca0e]" started-at="2024-08-25T19:37:41 IST" name="afterSuiteConfig" finished-at="2024-08-25T19:37:41 IST" duration-ms="0" status="PASS">
          <reporter-output>
          </reporter-output>
        </test-method> <!-- afterSuiteConfig -->
      </class> <!-- contactTest.ToCreateContactTest -->
    </test> <!-- TestRunner2 -->
    <test started-at="2024-08-25T19:37:24 IST" name="TestRunner1" finished-at="2024-08-25T19:37:41 IST" duration-ms="17005">
      <class name="contactTest.ToCreateContactTest">
        <test-method is-config="true" signature="beforeClassConfig(java.lang.String)[pri:0, instance:contactTest.ToCreateContactTest@496bc455]" started-at="2024-08-25T19:37:24 IST" name="beforeClassConfig" finished-at="2024-08-25T19:37:27 IST" duration-ms="3414" status="PASS">
          <params>
            <param index="0">
              <value>
                <![CDATA[chrome]]>
              </value>
            </param>
          </params>
          <reporter-output>
          </reporter-output>
        </test-method> <!-- beforeClassConfig -->
        <test-method is-config="true" signature="beforeMethodConfig()[pri:0, instance:contactTest.ToCreateContactTest@496bc455]" started-at="2024-08-25T19:37:27 IST" name="beforeMethodConfig" finished-at="2024-08-25T19:37:30 IST" duration-ms="2915" status="PASS">
          <reporter-output>
          </reporter-output>
        </test-method> <!-- beforeMethodConfig -->
        <test-method signature="toCreateContact_001()[pri:0, instance:contactTest.ToCreateContactTest@496bc455]" started-at="2024-08-25T19:37:30 IST" name="toCreateContact_001" finished-at="2024-08-25T19:37:39 IST" duration-ms="8731" status="PASS">
          <reporter-output>
          </reporter-output>
        </test-method> <!-- toCreateContact_001 -->
        <test-method is-config="true" signature="afterMethodConfig()[pri:0, instance:contactTest.ToCreateContactTest@496bc455]" started-at="2024-08-25T19:37:39 IST" name="afterMethodConfig" finished-at="2024-08-25T19:37:40 IST" duration-ms="1293" status="PASS">
          <reporter-output>
          </reporter-output>
        </test-method> <!-- afterMethodConfig -->
        <test-method is-config="true" signature="afterClassConfig()[pri:0, instance:contactTest.ToCreateContactTest@496bc455]" started-at="2024-08-25T19:37:40 IST" name="afterClassConfig" finished-at="2024-08-25T19:37:41 IST" duration-ms="281" status="PASS">
          <reporter-output>
          </reporter-output>
        </test-method> <!-- afterClassConfig -->
      </class> <!-- contactTest.ToCreateContactTest -->
    </test> <!-- TestRunner1 -->
  </suite> <!-- Suite -->
</testng-results>
