<?xml version="1.0" encoding="UTF-8"?>
<!-- Generated by org.testng.reporters.JUnitXMLReporter -->
<testsuite ignored="4" hostname="DESKTOP-FIF2BTC" failures="0" tests="3" name="Test1" time="44.845" errors="0" timestamp="2024-08-07T19:19:09 IST">
  <testcase classname="organizationTest.ToCreateOrgWithIndustryTest" name="toCreateOrgWithIndustry_001" time="9.508"/>
  <testcase classname="organizationTest.ToCreateOrgWithTypeTest" name="toCreateOrgWithType_001" time="8.898"/>
  <testcase classname="organizationTest.ToCreateOrganizationTest" name="toCreateOrganization_001" time="7.35"/>
  <testcase classname="vtiger.genericUtilities.BaseClass" name="@BeforeSuite beforeSuiteConfig" time="0.0">
    <ignored/>
  </testcase> <!-- @BeforeSuite beforeSuiteConfig -->
  <testcase classname="vtiger.genericUtilities.BaseClass" name="@AfterSuite afterSuiteConfig" time="0.0">
    <ignored/>
  </testcase> <!-- @AfterSuite afterSuiteConfig -->
  <testcase classname="vtiger.genericUtilities.BaseClass" name="@BeforeSuite beforeSuiteConfig" time="0.0">
    <ignored/>
  </testcase> <!-- @BeforeSuite beforeSuiteConfig -->
  <testcase classname="vtiger.genericUtilities.BaseClass" name="@AfterSuite afterSuiteConfig" time="0.0">
    <ignored/>
  </testcase> <!-- @AfterSuite afterSuiteConfig -->
</testsuite> <!-- Test1 -->
