<?xml version="1.0" encoding="UTF-8"?>
<!-- Generated by org.testng.reporters.JUnitXMLReporter -->
<testsuite ignored="2" hostname="DESKTOP-FIF2BTC" failures="0" tests="2" name="Test2" time="31.623" errors="0" timestamp="2024-08-07T19:18:56 IST">
  <testcase classname="contactTests.ToCreateContactWithOrgTest" name="toCreateContactWithorg_001" time="9.971"/>
  <testcase classname="contactTests.ToCreateContactTest" name="toCreateContact_001" time="7.651"/>
  <testcase classname="vtiger.genericUtilities.BaseClass" name="@BeforeSuite beforeSuiteConfig" time="0.0">
    <ignored/>
  </testcase> <!-- @BeforeSuite beforeSuiteConfig -->
  <testcase classname="vtiger.genericUtilities.BaseClass" name="@AfterSuite afterSuiteConfig" time="0.0">
    <ignored/>
  </testcase> <!-- @AfterSuite afterSuiteConfig -->
</testsuite> <!-- Test2 -->
